Using pre-set license
Built from '2022.3/staging' branch; Version is '2022.3.44f1 (c3ae09b9f03c) revision 12824073'; Using compiler version '192829333'; Build Type 'Release'
OS: 'Windows 11  (10.0.26100) 64bit Professional' Language: 'en' Physical Memory: 16335 MB
BatchMode: 1, IsHumanControllingUs: 0, StartBugReporterOnCrash: 0, Is64bit: 1, IsPro: 1

COMMAND LINE ARGUMENTS:
C:\Program Files\Unity\Hub\Editor\2022.3.44f1\Editor\Unity.exe
-adb2
-batchMode
-noUpm
-name
AssetImportWorker23
-projectPath
E:/GTHUB/MBIF-SimulasiInvestasi/MBIF-SI-Project
-logFile
Logs/AssetImportWorker23.log
-srvPort
53522
Successfully changed project path to: E:/GTHUB/MBIF-SimulasiInvestasi/MBIF-SI-Project
E:/GTHUB/MBIF-SimulasiInvestasi/MBIF-SI-Project
[UnityMemory] Configuration Parameters - Can be set up in boot.config
    "memorysetup-bucket-allocator-granularity=16"
    "memorysetup-bucket-allocator-bucket-count=8"
    "memorysetup-bucket-allocator-block-size=33554432"
    "memorysetup-bucket-allocator-block-count=8"
    "memorysetup-main-allocator-block-size=16777216"
    "memorysetup-thread-allocator-block-size=16777216"
    "memorysetup-gfx-main-allocator-block-size=16777216"
    "memorysetup-gfx-thread-allocator-block-size=16777216"
    "memorysetup-cache-allocator-block-size=4194304"
    "memorysetup-typetree-allocator-block-size=2097152"
    "memorysetup-profiler-bucket-allocator-granularity=16"
    "memorysetup-profiler-bucket-allocator-bucket-count=8"
    "memorysetup-profiler-bucket-allocator-block-size=33554432"
    "memorysetup-profiler-bucket-allocator-block-count=8"
    "memorysetup-profiler-allocator-block-size=16777216"
    "memorysetup-profiler-editor-allocator-block-size=1048576"
    "memorysetup-temp-allocator-size-main=16777216"
    "memorysetup-job-temp-allocator-block-size=2097152"
    "memorysetup-job-temp-allocator-block-size-background=1048576"
    "memorysetup-job-temp-allocator-reduction-small-platforms=262144"
    "memorysetup-allocator-temp-initial-block-size-main=262144"
    "memorysetup-allocator-temp-initial-block-size-worker=262144"
    "memorysetup-temp-allocator-size-background-worker=32768"
    "memorysetup-temp-allocator-size-job-worker=262144"
    "memorysetup-temp-allocator-size-preload-manager=33554432"
    "memorysetup-temp-allocator-size-nav-mesh-worker=65536"
    "memorysetup-temp-allocator-size-audio-worker=65536"
    "memorysetup-temp-allocator-size-cloud-worker=32768"
    "memorysetup-temp-allocator-size-gi-baking-worker=262144"
    "memorysetup-temp-allocator-size-gfx=262144"
Player connection [31244]  Target information:

Player connection [31244]  * "[IP] 192.168.1.17 [Port] 0 [Flags] 2 [Guid] 2939042428 [EditorId] 2939042428 [Version] 1048832 [Id] WindowsEditor(7,DESKTOP-KOOCMRS) [Debug] 1 [PackageName] WindowsEditor [ProjectName] Editor" 

Player connection [31244] Host joined multi-casting on [225.0.0.222:54997]...
Player connection [31244] Host joined alternative multi-casting on [225.0.0.222:34997]...
[PhysX] Initialized MultithreadedTaskDispatcher with 12 workers.
Refreshing native plugins compatible for Editor in 23.03 ms, found 6 plugins.
Preloading 0 native plugins for Editor in 0.00 ms.
Initialize engine version: 2022.3.44f1 (c3ae09b9f03c)
[Subsystems] Discovering subsystems at path C:/Program Files/Unity/Hub/Editor/2022.3.44f1/Editor/Data/Resources/UnitySubsystems
[Subsystems] Discovering subsystems at path E:/GTHUB/MBIF-SimulasiInvestasi/MBIF-SI-Project/Assets
GfxDevice: creating device client; threaded=0; jobified=0
Direct3D:
    Version:  Direct3D 11.0 [level 11.1]
    Renderer: NVIDIA GeForce RTX 2060 (ID=0x1e89)
    Vendor:   NVIDIA
    VRAM:     5945 MB
    Driver:   32.0.15.7700
Initialize mono
Mono path[0] = 'C:/Program Files/Unity/Hub/Editor/2022.3.44f1/Editor/Data/Managed'
Mono path[1] = 'C:/Program Files/Unity/Hub/Editor/2022.3.44f1/Editor/Data/MonoBleedingEdge/lib/mono/unityjit-win32'
Mono config path = 'C:/Program Files/Unity/Hub/Editor/2022.3.44f1/Editor/Data/MonoBleedingEdge/etc'
Using monoOptions --debugger-agent=transport=dt_socket,embedding=1,server=y,suspend=n,address=127.0.0.1:56988
Begin MonoManager ReloadAssembly
Registering precompiled unity dll's ...
Register platform support module: C:/Program Files/Unity/Hub/Editor/2022.3.44f1/Editor/Data/PlaybackEngines/WindowsStandaloneSupport/UnityEditor.WindowsStandalone.Extensions.dll
Registered in 0.006987 seconds.
- Loaded All Assemblies, in  0.464 seconds
Native extension for WindowsStandalone target not found
Mono: successfully reloaded assembly
- Finished resetting the current domain, in  0.347 seconds
Domain Reload Profiling: 809ms
	BeginReloadAssembly (139ms)
		ExecutionOrderSort (0ms)
		DisableScriptedObjects (0ms)
		BackupInstance (0ms)
		ReleaseScriptingObjects (0ms)
		CreateAndSetChildDomain (2ms)
	RebuildCommonClasses (43ms)
	RebuildNativeTypeToScriptingClass (15ms)
	initialDomainReloadingComplete (74ms)
	LoadAllAssembliesAndSetupDomain (190ms)
		LoadAssemblies (134ms)
		RebuildTransferFunctionScriptingTraits (0ms)
		AnalyzeDomain (188ms)
			TypeCache.Refresh (185ms)
				TypeCache.ScanAssembly (168ms)
			ScanForSourceGeneratedMonoScriptInfo (0ms)
			ResolveRequiredComponents (1ms)
	FinalizeReload (348ms)
		ReleaseScriptCaches (0ms)
		RebuildScriptCaches (0ms)
		SetupLoadedEditorAssemblies (287ms)
			LogAssemblyErrors (0ms)
			InitializePlatformSupportModulesInManaged (13ms)
			SetLoadedEditorAssemblies (10ms)
			RefreshPlugins (0ms)
			BeforeProcessingInitializeOnLoad (3ms)
			ProcessInitializeOnLoadAttributes (199ms)
			ProcessInitializeOnLoadMethodAttributes (62ms)
			AfterProcessingInitializeOnLoad (0ms)
			EditorAssembliesLoaded (0ms)
		ExecutionOrderSort2 (0ms)
		AwakeInstancesAfterBackupRestoration (0ms)
========================================================================
Worker process is ready to serve import requests
Caller must complete domain reload
Begin MonoManager ReloadAssembly
Symbol file LoadedFromMemory is not a mono symbol file
Symbol file LoadedFromMemory is not a mono symbol file
Symbol file LoadedFromMemory is not a mono symbol file
Symbol file LoadedFromMemory is not a mono symbol file
Symbol file LoadedFromMemory is not a mono symbol file
- Loaded All Assemblies, in  1.210 seconds
Native extension for WindowsStandalone target not found
Mono: successfully reloaded assembly
- Finished resetting the current domain, in  0.996 seconds
Domain Reload Profiling: 2204ms
	BeginReloadAssembly (256ms)
		ExecutionOrderSort (0ms)
		DisableScriptedObjects (8ms)
		BackupInstance (0ms)
		ReleaseScriptingObjects (1ms)
		CreateAndSetChildDomain (55ms)
	RebuildCommonClasses (57ms)
	RebuildNativeTypeToScriptingClass (17ms)
	initialDomainReloadingComplete (69ms)
	LoadAllAssembliesAndSetupDomain (809ms)
		LoadAssemblies (594ms)
		RebuildTransferFunctionScriptingTraits (0ms)
		AnalyzeDomain (351ms)
			TypeCache.Refresh (294ms)
				TypeCache.ScanAssembly (261ms)
			ScanForSourceGeneratedMonoScriptInfo (36ms)
			ResolveRequiredComponents (19ms)
	FinalizeReload (997ms)
		ReleaseScriptCaches (0ms)
		RebuildScriptCaches (0ms)
		SetupLoadedEditorAssemblies (766ms)
			LogAssemblyErrors (0ms)
			InitializePlatformSupportModulesInManaged (8ms)
			SetLoadedEditorAssemblies (6ms)
			RefreshPlugins (0ms)
			BeforeProcessingInitializeOnLoad (110ms)
			ProcessInitializeOnLoadAttributes (526ms)
			ProcessInitializeOnLoadMethodAttributes (105ms)
			AfterProcessingInitializeOnLoad (11ms)
			EditorAssembliesLoaded (0ms)
		ExecutionOrderSort2 (0ms)
		AwakeInstancesAfterBackupRestoration (10ms)
Launched and connected shader compiler UnityShaderCompiler.exe after 0.08 seconds
Refreshing native plugins compatible for Editor in 12.45 ms, found 6 plugins.
Preloading 0 native plugins for Editor in 0.00 ms.
Unloading 5339 Unused Serialized files (Serialized files now loaded: 0)
Unloading 39 unused Assets / (352.1 KB). Loaded Objects now: 5807.
Memory consumption went from 224.3 MB to 224.0 MB.
Total: 21.687200 ms (FindLiveObjects: 1.402300 ms CreateObjectMapping: 0.279100 ms MarkObjects: 19.462000 ms  DeleteObjects: 0.541800 ms)

AssetImportParameters requested are different than current active one (requested -> active):
  custom:container-demuxer-ogg: 62fdf1f143b41e24485cea50d1cbac27 -> 
  custom:video-codec-MediaFoundation-h265: 746d11721c4dcdbdad8f713fa42b33f4 -> 
  custom:video-decoder-ogg-theora: a1e56fd34408186e4bbccfd4996cb3dc -> 
  custom:framework-win-MediaFoundation: 216162199b28c13a410421893ffa2e32 -> 
  custom:CustomObjectIndexerAttribute: 72b91833f83ae208fae7752999fa3104 -> 
  custom:container-demuxer-webm: 4f35f7cbe854078d1ac9338744f61a02 -> 
  custom:container-muxer-webm: aa71ff27fc2769a1b78a27578f13a17b -> 
  custom:video-decoder-webm-vp8: 9c59270c3fd7afecdb556c50c9e8de78 -> 
  custom:SearchIndexIgnoredProperties: e643bd26f0fe6173181afceb89e7c659 -> 
  custom:AudioImporter_EditorPlatform: d09bf68614088b80899f8185d706f6e7 -> 
  custom:video-encoder-webm-vp8: eb34c28f22e8b96e1ab97ce403110664 -> 
  custom:audio-decoder-ogg-vorbis: bf7c407c2cedff20999df2af8eb42d56 -> 
  custom:audio-encoder-webm-vorbis: bf7c407c2cedff20999df2af8eb42d56 -> 
========================================================================
Received Import Request.
  Time since last request: 301736.192381 seconds.
  path: Assets/Objects/Materials/Buildings/Commercial Buildings/Cinema/cinema-secondary_mat.mat
  artifactKey: Guid(7ff9cb0652a344f3e9a5edba738a9081) Importer(815301076,1909f56bfc062723c751e8b465ee728b)
Start importing Assets/Objects/Materials/Buildings/Commercial Buildings/Cinema/cinema-secondary_mat.mat using Guid(7ff9cb0652a344f3e9a5edba738a9081) Importer(815301076,1909f56bfc062723c751e8b465ee728b) [PhysX] Initialized MultithreadedTaskDispatcher with 12 workers.
[PhysX] Initialized MultithreadedTaskDispatcher with 12 workers.
 -> (artifact id: '9a1b210168cc47163d9ec7341b70da1d') in 0.473764 seconds
Number of updated asset objects reloaded before import = 0
Number of asset objects unloaded after import = 21
========================================================================
Received Import Request.
  Time since last request: 0.296820 seconds.
  path: Assets/Folder Liza/Prefabs/SEKTOR KONSUMER/MotorcyclePack_SRP_Build_/Material/carbon-6.mat
  artifactKey: Guid(d3c29b40625ba5447b0fe43e153189c8) Importer(815301076,1909f56bfc062723c751e8b465ee728b)
Start importing Assets/Folder Liza/Prefabs/SEKTOR KONSUMER/MotorcyclePack_SRP_Build_/Material/carbon-6.mat using Guid(d3c29b40625ba5447b0fe43e153189c8) Importer(815301076,1909f56bfc062723c751e8b465ee728b) [PhysX] Initialized MultithreadedTaskDispatcher with 12 workers.
[PhysX] Initialized MultithreadedTaskDispatcher with 12 workers.
 -> (artifact id: '19772052251e3aee01e8814fd95d202a') in 0.016448 seconds
Number of updated asset objects reloaded before import = 0
Number of asset objects unloaded after import = 4
========================================================================
Received Import Request.
  Time since last request: 0.000257 seconds.
  path: Assets/Objects/Materials/Keuangan/Materials/bus_stop0Color_G08t10gpc62ci6en.mat
  artifactKey: Guid(3feffaf691b954b70b9c57941a177c7b) Importer(815301076,1909f56bfc062723c751e8b465ee728b)
Start importing Assets/Objects/Materials/Keuangan/Materials/bus_stop0Color_G08t10gpc62ci6en.mat using Guid(3feffaf691b954b70b9c57941a177c7b) Importer(815301076,1909f56bfc062723c751e8b465ee728b) [PhysX] Initialized MultithreadedTaskDispatcher with 12 workers.
[PhysX] Initialized MultithreadedTaskDispatcher with 12 workers.
 -> (artifact id: 'f715f9d0971bbc883c03fa38855cabf6') in 0.023269 seconds
Number of updated asset objects reloaded before import = 0
Number of asset objects unloaded after import = 2
========================================================================
Received Import Request.
  Time since last request: 0.000321 seconds.
  path: Assets/Folder Liza/Materials/Keuangan/Materials/bus_stop_sign.mat
  artifactKey: Guid(5335a0fd5f2c1fe4ba23bf2e67ae1094) Importer(815301076,1909f56bfc062723c751e8b465ee728b)
Start importing Assets/Folder Liza/Materials/Keuangan/Materials/bus_stop_sign.mat using Guid(5335a0fd5f2c1fe4ba23bf2e67ae1094) Importer(815301076,1909f56bfc062723c751e8b465ee728b) [PhysX] Initialized MultithreadedTaskDispatcher with 12 workers.
[PhysX] Initialized MultithreadedTaskDispatcher with 12 workers.
 -> (artifact id: '3ff735b08ed4ce54f05c40d31711912d') in 0.014801 seconds
Number of updated asset objects reloaded before import = 0
Number of asset objects unloaded after import = 3
========================================================================
Received Import Request.
  Time since last request: 0.000683 seconds.
  path: Assets/Folder Liza/Materials/Vehicles/Government Vehicles/bus-tires-black_mat.mat
  artifactKey: Guid(6c3e0fca1eb98f84a8a297ae33e5e710) Importer(815301076,1909f56bfc062723c751e8b465ee728b)
Start importing Assets/Folder Liza/Materials/Vehicles/Government Vehicles/bus-tires-black_mat.mat using Guid(6c3e0fca1eb98f84a8a297ae33e5e710) Importer(815301076,1909f56bfc062723c751e8b465ee728b) [PhysX] Initialized MultithreadedTaskDispatcher with 12 workers.
[PhysX] Initialized MultithreadedTaskDispatcher with 12 workers.
 -> (artifact id: 'd22d75cdd0c1f0aeb0e52ec13b59eec5') in 0.013954 seconds
Number of updated asset objects reloaded before import = 0
Number of asset objects unloaded after import = 2
========================================================================
Received Import Request.
  Time since last request: 0.001275 seconds.
  path: Assets/Folder Liza/Materials/Keuangan/Materials/bus_shelter_diffuse2k.mat
  artifactKey: Guid(e5840ce658b40dc4e8fb5778cdd61bff) Importer(815301076,1909f56bfc062723c751e8b465ee728b)
Start importing Assets/Folder Liza/Materials/Keuangan/Materials/bus_shelter_diffuse2k.mat using Guid(e5840ce658b40dc4e8fb5778cdd61bff) Importer(815301076,1909f56bfc062723c751e8b465ee728b) [PhysX] Initialized MultithreadedTaskDispatcher with 12 workers.
[PhysX] Initialized MultithreadedTaskDispatcher with 12 workers.
 -> (artifact id: '36f2423af6ed5d6c324e708f1fbaf244') in 0.126811 seconds
Number of updated asset objects reloaded before import = 0
Number of asset objects unloaded after import = 3
========================================================================
Received Import Request.
  Time since last request: 0.027229 seconds.
  path: Assets/Folder Liza/Materials/Gedung/Building_Super Market.mat
  artifactKey: Guid(933cf3f7d621a9b458ec23a89aee556a) Importer(815301076,1909f56bfc062723c751e8b465ee728b)
Start importing Assets/Folder Liza/Materials/Gedung/Building_Super Market.mat using Guid(933cf3f7d621a9b458ec23a89aee556a) Importer(815301076,1909f56bfc062723c751e8b465ee728b) [PhysX] Initialized MultithreadedTaskDispatcher with 12 workers.
[PhysX] Initialized MultithreadedTaskDispatcher with 12 workers.
 -> (artifact id: 'ecd225fbdb39440133fe0e38c3354c63') in 0.024805 seconds
Number of updated asset objects reloaded before import = 0
Number of asset objects unloaded after import = 3
========================================================================
Received Import Request.
  Time since last request: 0.002168 seconds.
  path: Assets/Folder Liza/Materials/Infrastructure/Props/bus-sign-icon_mat.mat
  artifactKey: Guid(fbc2e34ed4be47d4eb29a8b848403ee1) Importer(815301076,1909f56bfc062723c751e8b465ee728b)
Start importing Assets/Folder Liza/Materials/Infrastructure/Props/bus-sign-icon_mat.mat using Guid(fbc2e34ed4be47d4eb29a8b848403ee1) Importer(815301076,1909f56bfc062723c751e8b465ee728b) [PhysX] Initialized MultithreadedTaskDispatcher with 12 workers.
[PhysX] Initialized MultithreadedTaskDispatcher with 12 workers.
 -> (artifact id: '15a12512e23b2e0dfc14e54162b3cc01') in 0.017774 seconds
Number of updated asset objects reloaded before import = 0
Number of asset objects unloaded after import = 3
========================================================================
Received Import Request.
  Time since last request: 0.799709 seconds.
  path: Assets/Objects/Materials/Gedung/Building_Residential_color03.mat
  artifactKey: Guid(503a5bca82bfa754d93ab882c47b76d1) Importer(815301076,1909f56bfc062723c751e8b465ee728b)
Start importing Assets/Objects/Materials/Gedung/Building_Residential_color03.mat using Guid(503a5bca82bfa754d93ab882c47b76d1) Importer(815301076,1909f56bfc062723c751e8b465ee728b) [PhysX] Initialized MultithreadedTaskDispatcher with 12 workers.
[PhysX] Initialized MultithreadedTaskDispatcher with 12 workers.
 -> (artifact id: '32034d14fca4507fae382b047f8eca2c') in 0.035489 seconds
Number of updated asset objects reloaded before import = 0
Number of asset objects unloaded after import = 3
========================================================================
Received Import Request.
  Time since last request: 0.000057 seconds.
  path: Assets/Folder Liza/Materials/Gedung/Building_House_04_color02.mat
  artifactKey: Guid(823226f89a8e09e4eb78c23dfedb0aa5) Importer(815301076,1909f56bfc062723c751e8b465ee728b)
Start importing Assets/Folder Liza/Materials/Gedung/Building_House_04_color02.mat using Guid(823226f89a8e09e4eb78c23dfedb0aa5) Importer(815301076,1909f56bfc062723c751e8b465ee728b) [PhysX] Initialized MultithreadedTaskDispatcher with 12 workers.
[PhysX] Initialized MultithreadedTaskDispatcher with 12 workers.
 -> (artifact id: '1f52c71e9136293c64c146b380ee7c2e') in 0.027728 seconds
Number of updated asset objects reloaded before import = 0
Number of asset objects unloaded after import = 3
========================================================================
Received Import Request.
  Time since last request: 0.002919 seconds.
  path: Assets/Objects/Materials/Gedung/Building_House_03_color02.mat
  artifactKey: Guid(759ae00b1dd8b674794d18b46f674c55) Importer(815301076,1909f56bfc062723c751e8b465ee728b)
Start importing Assets/Objects/Materials/Gedung/Building_House_03_color02.mat using Guid(759ae00b1dd8b674794d18b46f674c55) Importer(815301076,1909f56bfc062723c751e8b465ee728b) [PhysX] Initialized MultithreadedTaskDispatcher with 12 workers.
[PhysX] Initialized MultithreadedTaskDispatcher with 12 workers.
 -> (artifact id: '02352a890d0b3763567dddc67fdcc848') in 0.024704 seconds
Number of updated asset objects reloaded before import = 0
Number of asset objects unloaded after import = 3
========================================================================
Received Import Request.
  Time since last request: 0.002885 seconds.
  path: Assets/Objects/Materials/Gedung/Building_House_02_color01.mat
  artifactKey: Guid(374ab596cd3f81b429cc260ead5cad1d) Importer(815301076,1909f56bfc062723c751e8b465ee728b)
Start importing Assets/Objects/Materials/Gedung/Building_House_02_color01.mat using Guid(374ab596cd3f81b429cc260ead5cad1d) Importer(815301076,1909f56bfc062723c751e8b465ee728b) [PhysX] Initialized MultithreadedTaskDispatcher with 12 workers.
[PhysX] Initialized MultithreadedTaskDispatcher with 12 workers.
 -> (artifact id: '4bcb2fe64947feff0c834390120dffcc') in 0.037798 seconds
Number of updated asset objects reloaded before import = 0
Number of asset objects unloaded after import = 3
========================================================================
Received Import Request.
  Time since last request: 0.000222 seconds.
  path: Assets/Folder Liza/Materials/Gedung/Building_House_02_color02.mat
  artifactKey: Guid(2d9549aa01784ba41b6d1cb46947e324) Importer(815301076,1909f56bfc062723c751e8b465ee728b)
Start importing Assets/Folder Liza/Materials/Gedung/Building_House_02_color02.mat using Guid(2d9549aa01784ba41b6d1cb46947e324) Importer(815301076,1909f56bfc062723c751e8b465ee728b) [PhysX] Initialized MultithreadedTaskDispatcher with 12 workers.
[PhysX] Initialized MultithreadedTaskDispatcher with 12 workers.
 -> (artifact id: '475ebba89d7d88bf8344428578942ecd') in 0.017825 seconds
Number of updated asset objects reloaded before import = 0
Number of asset objects unloaded after import = 3
========================================================================
Received Import Request.
  Time since last request: 0.053583 seconds.
  path: Assets/Folder Liza/Materials/Gedung/Building_Factory.mat
  artifactKey: Guid(9765e3641b15a2c4baa086e7f048d451) Importer(815301076,1909f56bfc062723c751e8b465ee728b)
Start importing Assets/Folder Liza/Materials/Gedung/Building_Factory.mat using Guid(9765e3641b15a2c4baa086e7f048d451) Importer(815301076,1909f56bfc062723c751e8b465ee728b) [PhysX] Initialized MultithreadedTaskDispatcher with 12 workers.
[PhysX] Initialized MultithreadedTaskDispatcher with 12 workers.
 -> (artifact id: '5045ab1eed322e29ab90f1e5190c733c') in 0.026138 seconds
Number of updated asset objects reloaded before import = 0
Number of asset objects unloaded after import = 3
========================================================================
Received Import Request.
  Time since last request: 0.000039 seconds.
  path: Assets/Folder Liza/Materials/Gedung/Building_Fruits  Shop.mat
  artifactKey: Guid(1624a695884cb5a48ab05f1c7124afa6) Importer(815301076,1909f56bfc062723c751e8b465ee728b)
Start importing Assets/Folder Liza/Materials/Gedung/Building_Fruits  Shop.mat using Guid(1624a695884cb5a48ab05f1c7124afa6) Importer(815301076,1909f56bfc062723c751e8b465ee728b) [PhysX] Initialized MultithreadedTaskDispatcher with 12 workers.
[PhysX] Initialized MultithreadedTaskDispatcher with 12 workers.
 -> (artifact id: 'e014ceb98061a613261152105c390fa8') in 0.021191 seconds
Number of updated asset objects reloaded before import = 0
Number of asset objects unloaded after import = 3
========================================================================
Received Import Request.
  Time since last request: 0.623407 seconds.
  path: Assets/Folder Liza/Materials/Gedung/Building_Chicken Shop.mat
  artifactKey: Guid(c5cf1cc93c4d1a745a59131217e56a49) Importer(815301076,1909f56bfc062723c751e8b465ee728b)
Start importing Assets/Folder Liza/Materials/Gedung/Building_Chicken Shop.mat using Guid(c5cf1cc93c4d1a745a59131217e56a49) Importer(815301076,1909f56bfc062723c751e8b465ee728b) [PhysX] Initialized MultithreadedTaskDispatcher with 12 workers.
[PhysX] Initialized MultithreadedTaskDispatcher with 12 workers.
 -> (artifact id: '0adaeafe6685a6db6378eae95f4e375d') in 0.022882 seconds
Number of updated asset objects reloaded before import = 0
Number of asset objects unloaded after import = 3
========================================================================
Received Import Request.
  Time since last request: 0.032014 seconds.
  path: Assets/Folder Liza/Materials/Gedung/Building_Auto Service.mat
  artifactKey: Guid(0270b4e94f23fb34799361466c921f02) Importer(815301076,1909f56bfc062723c751e8b465ee728b)
Start importing Assets/Folder Liza/Materials/Gedung/Building_Auto Service.mat using Guid(0270b4e94f23fb34799361466c921f02) Importer(815301076,1909f56bfc062723c751e8b465ee728b) [PhysX] Initialized MultithreadedTaskDispatcher with 12 workers.
[PhysX] Initialized MultithreadedTaskDispatcher with 12 workers.
 -> (artifact id: 'dd2f7e162476773aa26626b795a255f7') in 0.022202 seconds
Number of updated asset objects reloaded before import = 0
Number of asset objects unloaded after import = 3
========================================================================
Received Import Request.
  Time since last request: 0.889480 seconds.
  path: Assets/Objects/Materials/Gedung/Building Sky_big_color03.mat
  artifactKey: Guid(a1a61be9dd7e91b4faec2c4eb7ca4e8c) Importer(815301076,1909f56bfc062723c751e8b465ee728b)
Start importing Assets/Objects/Materials/Gedung/Building Sky_big_color03.mat using Guid(a1a61be9dd7e91b4faec2c4eb7ca4e8c) Importer(815301076,1909f56bfc062723c751e8b465ee728b) [PhysX] Initialized MultithreadedTaskDispatcher with 12 workers.
[PhysX] Initialized MultithreadedTaskDispatcher with 12 workers.
 -> (artifact id: '9af8186205ee45771498adbc6b8cd8a3') in 0.032912 seconds
Number of updated asset objects reloaded before import = 0
Number of asset objects unloaded after import = 3
========================================================================
Received Import Request.
  Time since last request: 0.181558 seconds.
  path: Assets/Folder Liza/Prefabs/SEKTOR INFRASTRUKTUR/Infrastructure/POHON 1 INFRAS.fbx
  artifactKey: Guid(12a74c8364de7224abfea92a8dadb996) Importer(815301076,1909f56bfc062723c751e8b465ee728b)
Start importing Assets/Folder Liza/Prefabs/SEKTOR INFRASTRUKTUR/Infrastructure/POHON 1 INFRAS.fbx using Guid(12a74c8364de7224abfea92a8dadb996) Importer(815301076,1909f56bfc062723c751e8b465ee728b) [PhysX] Initialized MultithreadedTaskDispatcher with 12 workers.
[PhysX] Initialized MultithreadedTaskDispatcher with 12 workers.
[PhysX] Initialized MultithreadedTaskDispatcher with 12 workers.
[PhysX] Initialized MultithreadedTaskDispatcher with 12 workers.
[PhysX] Initialized MultithreadedTaskDispatcher with 12 workers.
[PhysX] Initialized MultithreadedTaskDispatcher with 12 workers.
[PhysX] Initialized MultithreadedTaskDispatcher with 12 workers.
[PhysX] Initialized MultithreadedTaskDispatcher with 12 workers.
 -> (artifact id: 'e0f90cddcfff4b2140780137271678ba') in 0.118902 seconds
Number of updated asset objects reloaded before import = 0
Number of asset objects unloaded after import = 17
========================================================================
Received Import Request.
  Time since last request: 0.000036 seconds.
  path: Assets/Folder Liza/Free Low Poly Desert Pack/Materials/Base Desert Sand.mat
  artifactKey: Guid(71802d3a8b91efc4b8833222b5c3c152) Importer(815301076,1909f56bfc062723c751e8b465ee728b)
Start importing Assets/Folder Liza/Free Low Poly Desert Pack/Materials/Base Desert Sand.mat using Guid(71802d3a8b91efc4b8833222b5c3c152) Importer(815301076,1909f56bfc062723c751e8b465ee728b) [PhysX] Initialized MultithreadedTaskDispatcher with 12 workers.
[PhysX] Initialized MultithreadedTaskDispatcher with 12 workers.
 -> (artifact id: 'd9dedacf566ddad9cbcb0cc3dd6013c5') in 0.060015 seconds
Number of updated asset objects reloaded before import = 0
Number of asset objects unloaded after import = 3
========================================================================
Received Import Request.
  Time since last request: 1.465897 seconds.
  path: Assets/Folder Liza/Materials/Vehicles/Government Vehicles/ambulance-windows_mat.mat
  artifactKey: Guid(d358326ed5b2d59458fda546e23746bc) Importer(815301076,1909f56bfc062723c751e8b465ee728b)
Start importing Assets/Folder Liza/Materials/Vehicles/Government Vehicles/ambulance-windows_mat.mat using Guid(d358326ed5b2d59458fda546e23746bc) Importer(815301076,1909f56bfc062723c751e8b465ee728b) [PhysX] Initialized MultithreadedTaskDispatcher with 12 workers.
[PhysX] Initialized MultithreadedTaskDispatcher with 12 workers.
 -> (artifact id: 'a40410ece75d85e49583593d48a77f7c') in 0.011174 seconds
Number of updated asset objects reloaded before import = 0
Number of asset objects unloaded after import = 2
Editor requested this worker to shutdown with reason: Scaling down because of idle timeout
TcpMessagingSession - receive error: operation aborted. errorcode: 995, details: The I/O operation has been aborted because of either a thread exit or an application request.
AssetImportWorker is now disconnected from the server
Process exiting
Exiting without the bug reporter. Application will terminate with return code 0