Using pre-set license
Built from '2022.3/staging' branch; Version is '2022.3.44f1 (c3ae09b9f03c) revision 12824073'; Using compiler version '192829333'; Build Type 'Release'
OS: 'Windows 11  (10.0.26100) 64bit Professional' Language: 'en' Physical Memory: 16335 MB
BatchMode: 1, IsHumanControllingUs: 0, StartBugReporterOnCrash: 0, Is64bit: 1, IsPro: 1

COMMAND LINE ARGUMENTS:
C:\Program Files\Unity\Hub\Editor\2022.3.44f1\Editor\Unity.exe
-adb2
-batchMode
-noUpm
-name
AssetImportWorker21
-projectPath
E:/GTHUB/MBIF-SimulasiInvestasi/MBIF-SI-Project
-logFile
Logs/AssetImportWorker21.log
-srvPort
53522
Successfully changed project path to: E:/GTHUB/MBIF-SimulasiInvestasi/MBIF-SI-Project
E:/GTHUB/MBIF-SimulasiInvestasi/MBIF-SI-Project
[UnityMemory] Configuration Parameters - Can be set up in boot.config
    "memorysetup-bucket-allocator-granularity=16"
    "memorysetup-bucket-allocator-bucket-count=8"
    "memorysetup-bucket-allocator-block-size=33554432"
    "memorysetup-bucket-allocator-block-count=8"
    "memorysetup-main-allocator-block-size=16777216"
    "memorysetup-thread-allocator-block-size=16777216"
    "memorysetup-gfx-main-allocator-block-size=16777216"
    "memorysetup-gfx-thread-allocator-block-size=16777216"
    "memorysetup-cache-allocator-block-size=4194304"
    "memorysetup-typetree-allocator-block-size=2097152"
    "memorysetup-profiler-bucket-allocator-granularity=16"
    "memorysetup-profiler-bucket-allocator-bucket-count=8"
    "memorysetup-profiler-bucket-allocator-block-size=33554432"
    "memorysetup-profiler-bucket-allocator-block-count=8"
    "memorysetup-profiler-allocator-block-size=16777216"
    "memorysetup-profiler-editor-allocator-block-size=1048576"
    "memorysetup-temp-allocator-size-main=16777216"
    "memorysetup-job-temp-allocator-block-size=2097152"
    "memorysetup-job-temp-allocator-block-size-background=1048576"
    "memorysetup-job-temp-allocator-reduction-small-platforms=262144"
    "memorysetup-allocator-temp-initial-block-size-main=262144"
    "memorysetup-allocator-temp-initial-block-size-worker=262144"
    "memorysetup-temp-allocator-size-background-worker=32768"
    "memorysetup-temp-allocator-size-job-worker=262144"
    "memorysetup-temp-allocator-size-preload-manager=33554432"
    "memorysetup-temp-allocator-size-nav-mesh-worker=65536"
    "memorysetup-temp-allocator-size-audio-worker=65536"
    "memorysetup-temp-allocator-size-cloud-worker=32768"
    "memorysetup-temp-allocator-size-gi-baking-worker=262144"
    "memorysetup-temp-allocator-size-gfx=262144"
Player connection [25808]  Target information:

Player connection [25808]  * "[IP] 192.168.1.17 [Port] 0 [Flags] 2 [Guid] 966268957 [EditorId] 966268957 [Version] 1048832 [Id] WindowsEditor(7,DESKTOP-KOOCMRS) [Debug] 1 [PackageName] WindowsEditor [ProjectName] Editor" 

Player connection [25808] Host joined multi-casting on [225.0.0.222:54997]...
Player connection [25808] Host joined alternative multi-casting on [225.0.0.222:34997]...
[PhysX] Initialized MultithreadedTaskDispatcher with 12 workers.
Refreshing native plugins compatible for Editor in 44.00 ms, found 6 plugins.
Preloading 0 native plugins for Editor in 0.00 ms.
Initialize engine version: 2022.3.44f1 (c3ae09b9f03c)
[Subsystems] Discovering subsystems at path C:/Program Files/Unity/Hub/Editor/2022.3.44f1/Editor/Data/Resources/UnitySubsystems
[Subsystems] Discovering subsystems at path E:/GTHUB/MBIF-SimulasiInvestasi/MBIF-SI-Project/Assets
GfxDevice: creating device client; threaded=0; jobified=0
Direct3D:
    Version:  Direct3D 11.0 [level 11.1]
    Renderer: NVIDIA GeForce RTX 2060 (ID=0x1e89)
    Vendor:   NVIDIA
    VRAM:     5945 MB
    Driver:   32.0.15.7700
Initialize mono
Mono path[0] = 'C:/Program Files/Unity/Hub/Editor/2022.3.44f1/Editor/Data/Managed'
Mono path[1] = 'C:/Program Files/Unity/Hub/Editor/2022.3.44f1/Editor/Data/MonoBleedingEdge/lib/mono/unityjit-win32'
Mono config path = 'C:/Program Files/Unity/Hub/Editor/2022.3.44f1/Editor/Data/MonoBleedingEdge/etc'
Using monoOptions --debugger-agent=transport=dt_socket,embedding=1,server=y,suspend=n,address=127.0.0.1:56876
Begin MonoManager ReloadAssembly
Registering precompiled unity dll's ...
Register platform support module: C:/Program Files/Unity/Hub/Editor/2022.3.44f1/Editor/Data/PlaybackEngines/WindowsStandaloneSupport/UnityEditor.WindowsStandalone.Extensions.dll
Registered in 0.009111 seconds.
- Loaded All Assemblies, in  0.514 seconds
Native extension for WindowsStandalone target not found
Mono: successfully reloaded assembly
- Finished resetting the current domain, in  0.390 seconds
Domain Reload Profiling: 902ms
	BeginReloadAssembly (151ms)
		ExecutionOrderSort (0ms)
		DisableScriptedObjects (0ms)
		BackupInstance (0ms)
		ReleaseScriptingObjects (0ms)
		CreateAndSetChildDomain (1ms)
	RebuildCommonClasses (54ms)
	RebuildNativeTypeToScriptingClass (15ms)
	initialDomainReloadingComplete (82ms)
	LoadAllAssembliesAndSetupDomain (209ms)
		LoadAssemblies (148ms)
		RebuildTransferFunctionScriptingTraits (0ms)
		AnalyzeDomain (206ms)
			TypeCache.Refresh (204ms)
				TypeCache.ScanAssembly (185ms)
			ScanForSourceGeneratedMonoScriptInfo (1ms)
			ResolveRequiredComponents (1ms)
	FinalizeReload (391ms)
		ReleaseScriptCaches (0ms)
		RebuildScriptCaches (0ms)
		SetupLoadedEditorAssemblies (314ms)
			LogAssemblyErrors (0ms)
			InitializePlatformSupportModulesInManaged (14ms)
			SetLoadedEditorAssemblies (12ms)
			RefreshPlugins (0ms)
			BeforeProcessingInitializeOnLoad (3ms)
			ProcessInitializeOnLoadAttributes (210ms)
			ProcessInitializeOnLoadMethodAttributes (75ms)
			AfterProcessingInitializeOnLoad (0ms)
			EditorAssembliesLoaded (0ms)
		ExecutionOrderSort2 (0ms)
		AwakeInstancesAfterBackupRestoration (0ms)
========================================================================
Worker process is ready to serve import requests
Caller must complete domain reload
Begin MonoManager ReloadAssembly
Symbol file LoadedFromMemory is not a mono symbol file
Symbol file LoadedFromMemory is not a mono symbol file
Symbol file LoadedFromMemory is not a mono symbol file
Symbol file LoadedFromMemory is not a mono symbol file
Symbol file LoadedFromMemory is not a mono symbol file
- Loaded All Assemblies, in  1.369 seconds
Native extension for WindowsStandalone target not found
Mono: successfully reloaded assembly
- Finished resetting the current domain, in  1.633 seconds
Domain Reload Profiling: 3005ms
	BeginReloadAssembly (326ms)
		ExecutionOrderSort (0ms)
		DisableScriptedObjects (12ms)
		BackupInstance (0ms)
		ReleaseScriptingObjects (1ms)
		CreateAndSetChildDomain (55ms)
	RebuildCommonClasses (81ms)
	RebuildNativeTypeToScriptingClass (19ms)
	initialDomainReloadingComplete (94ms)
	LoadAllAssembliesAndSetupDomain (851ms)
		LoadAssemblies (590ms)
		RebuildTransferFunctionScriptingTraits (0ms)
		AnalyzeDomain (420ms)
			TypeCache.Refresh (362ms)
				TypeCache.ScanAssembly (338ms)
			ScanForSourceGeneratedMonoScriptInfo (35ms)
			ResolveRequiredComponents (21ms)
	FinalizeReload (1634ms)
		ReleaseScriptCaches (0ms)
		RebuildScriptCaches (0ms)
		SetupLoadedEditorAssemblies (1188ms)
			LogAssemblyErrors (0ms)
			InitializePlatformSupportModulesInManaged (14ms)
			SetLoadedEditorAssemblies (8ms)
			RefreshPlugins (0ms)
			BeforeProcessingInitializeOnLoad (183ms)
			ProcessInitializeOnLoadAttributes (840ms)
			ProcessInitializeOnLoadMethodAttributes (132ms)
			AfterProcessingInitializeOnLoad (11ms)
			EditorAssembliesLoaded (0ms)
		ExecutionOrderSort2 (0ms)
		AwakeInstancesAfterBackupRestoration (10ms)
Launched and connected shader compiler UnityShaderCompiler.exe after 0.15 seconds
Refreshing native plugins compatible for Editor in 14.19 ms, found 6 plugins.
Preloading 0 native plugins for Editor in 0.00 ms.
Unloading 5339 Unused Serialized files (Serialized files now loaded: 0)
Unloading 39 unused Assets / (351.9 KB). Loaded Objects now: 5807.
Memory consumption went from 224.5 MB to 224.1 MB.
Total: 8.667600 ms (FindLiveObjects: 1.487300 ms CreateObjectMapping: 0.294700 ms MarkObjects: 6.293000 ms  DeleteObjects: 0.590800 ms)

AssetImportParameters requested are different than current active one (requested -> active):
  custom:container-demuxer-ogg: 62fdf1f143b41e24485cea50d1cbac27 -> 
  custom:video-codec-MediaFoundation-h265: 746d11721c4dcdbdad8f713fa42b33f4 -> 
  custom:video-decoder-ogg-theora: a1e56fd34408186e4bbccfd4996cb3dc -> 
  custom:framework-win-MediaFoundation: 216162199b28c13a410421893ffa2e32 -> 
  custom:CustomObjectIndexerAttribute: 72b91833f83ae208fae7752999fa3104 -> 
  custom:container-demuxer-webm: 4f35f7cbe854078d1ac9338744f61a02 -> 
  custom:container-muxer-webm: aa71ff27fc2769a1b78a27578f13a17b -> 
  custom:video-decoder-webm-vp8: 9c59270c3fd7afecdb556c50c9e8de78 -> 
  custom:SearchIndexIgnoredProperties: e643bd26f0fe6173181afceb89e7c659 -> 
  custom:AudioImporter_EditorPlatform: d09bf68614088b80899f8185d706f6e7 -> 
  custom:video-encoder-webm-vp8: eb34c28f22e8b96e1ab97ce403110664 -> 
  custom:audio-decoder-ogg-vorbis: bf7c407c2cedff20999df2af8eb42d56 -> 
  custom:audio-encoder-webm-vorbis: bf7c407c2cedff20999df2af8eb42d56 -> 
========================================================================
Received Import Request.
  Time since last request: 301738.141364 seconds.
  path: Assets/Folder Liza/Materials/Gedung/Building_Residential_color02.mat
  artifactKey: Guid(12d4279355ec3cc4a89d9eb09656915e) Importer(815301076,1909f56bfc062723c751e8b465ee728b)
Start importing Assets/Folder Liza/Materials/Gedung/Building_Residential_color02.mat using Guid(12d4279355ec3cc4a89d9eb09656915e) Importer(815301076,1909f56bfc062723c751e8b465ee728b) [PhysX] Initialized MultithreadedTaskDispatcher with 12 workers.
[PhysX] Initialized MultithreadedTaskDispatcher with 12 workers.
 -> (artifact id: '5010382ad3fccb6d5217540b8acbdbe6') in 0.477221 seconds
Number of updated asset objects reloaded before import = 0
Number of asset objects unloaded after import = 22
========================================================================
Received Import Request.
  Time since last request: 0.470465 seconds.
  path: Assets/Folder Liza/Materials/Gedung/Building_Books Shop.mat
  artifactKey: Guid(77e6a8d6e12b40a4ea845916fae19482) Importer(815301076,1909f56bfc062723c751e8b465ee728b)
Start importing Assets/Folder Liza/Materials/Gedung/Building_Books Shop.mat using Guid(77e6a8d6e12b40a4ea845916fae19482) Importer(815301076,1909f56bfc062723c751e8b465ee728b) [PhysX] Initialized MultithreadedTaskDispatcher with 12 workers.
[PhysX] Initialized MultithreadedTaskDispatcher with 12 workers.
 -> (artifact id: 'b09de5e592bd137544bdc7f265fa5352') in 0.026087 seconds
Number of updated asset objects reloaded before import = 0
Number of asset objects unloaded after import = 3
========================================================================
Received Import Request.
  Time since last request: 0.020390 seconds.
  path: Assets/Folder Liza/Materials/Gedung/Building Sky_small_color03.mat
  artifactKey: Guid(d911c2a8d0032124fa730319fb488514) Importer(815301076,1909f56bfc062723c751e8b465ee728b)
Start importing Assets/Folder Liza/Materials/Gedung/Building Sky_small_color03.mat using Guid(d911c2a8d0032124fa730319fb488514) Importer(815301076,1909f56bfc062723c751e8b465ee728b) [PhysX] Initialized MultithreadedTaskDispatcher with 12 workers.
[PhysX] Initialized MultithreadedTaskDispatcher with 12 workers.
 -> (artifact id: '4dd4c9806da72b4935a949739442eb67') in 0.026866 seconds
Number of updated asset objects reloaded before import = 0
Number of asset objects unloaded after import = 3
========================================================================
Received Import Request.
  Time since last request: 0.883886 seconds.
  path: Assets/Objects/Materials/Gedung/Building Sky_big_color02.mat
  artifactKey: Guid(ba66acee62948c24baacd1186810d424) Importer(815301076,1909f56bfc062723c751e8b465ee728b)
Start importing Assets/Objects/Materials/Gedung/Building Sky_big_color02.mat using Guid(ba66acee62948c24baacd1186810d424) Importer(815301076,1909f56bfc062723c751e8b465ee728b) [PhysX] Initialized MultithreadedTaskDispatcher with 12 workers.
[PhysX] Initialized MultithreadedTaskDispatcher with 12 workers.
 -> (artifact id: 'febe8784198bcedd92c1f3d30ee27647') in 0.043601 seconds
Number of updated asset objects reloaded before import = 0
Number of asset objects unloaded after import = 3
========================================================================
Received Import Request.
  Time since last request: 0.090507 seconds.
  path: Assets/Objects/Materials/Keuangan/Materials/Broadway.mat
  artifactKey: Guid(4dfb9dcfbc7c84ba187ca7c1fece8aaf) Importer(815301076,1909f56bfc062723c751e8b465ee728b)
Start importing Assets/Objects/Materials/Keuangan/Materials/Broadway.mat using Guid(4dfb9dcfbc7c84ba187ca7c1fece8aaf) Importer(815301076,1909f56bfc062723c751e8b465ee728b) [PhysX] Initialized MultithreadedTaskDispatcher with 12 workers.
[PhysX] Initialized MultithreadedTaskDispatcher with 12 workers.
 -> (artifact id: 'febd664b7c73898850242142ced1f01d') in 0.025134 seconds
Number of updated asset objects reloaded before import = 0
Number of asset objects unloaded after import = 3
========================================================================
Received Import Request.
  Time since last request: 0.013896 seconds.
  path: Assets/Objects/Boards/Materials/blueBoard_Mat.mat
  artifactKey: Guid(8824a7c031e964647b86d0bc146fff49) Importer(815301076,1909f56bfc062723c751e8b465ee728b)
Start importing Assets/Objects/Boards/Materials/blueBoard_Mat.mat using Guid(8824a7c031e964647b86d0bc146fff49) Importer(815301076,1909f56bfc062723c751e8b465ee728b) [PhysX] Initialized MultithreadedTaskDispatcher with 12 workers.
[PhysX] Initialized MultithreadedTaskDispatcher with 12 workers.
 -> (artifact id: '7964fc76f71094a3cba9748475023c8f') in 0.047029 seconds
Number of updated asset objects reloaded before import = 0
Number of asset objects unloaded after import = 3
========================================================================
Received Import Request.
  Time since last request: 0.000058 seconds.
  path: Assets/Folder Liza/Prefabs/SEKTOR INFRASTRUKTUR/Infrastructure/POHON 2 INFRAS.fbx
  artifactKey: Guid(7521acebc7f8c9a458e10ca13b7872c3) Importer(815301076,1909f56bfc062723c751e8b465ee728b)
Start importing Assets/Folder Liza/Prefabs/SEKTOR INFRASTRUKTUR/Infrastructure/POHON 2 INFRAS.fbx using Guid(7521acebc7f8c9a458e10ca13b7872c3) Importer(815301076,1909f56bfc062723c751e8b465ee728b) [PhysX] Initialized MultithreadedTaskDispatcher with 12 workers.
[PhysX] Initialized MultithreadedTaskDispatcher with 12 workers.
[PhysX] Initialized MultithreadedTaskDispatcher with 12 workers.
[PhysX] Initialized MultithreadedTaskDispatcher with 12 workers.
[PhysX] Initialized MultithreadedTaskDispatcher with 12 workers.
[PhysX] Initialized MultithreadedTaskDispatcher with 12 workers.
[PhysX] Initialized MultithreadedTaskDispatcher with 12 workers.
[PhysX] Initialized MultithreadedTaskDispatcher with 12 workers.
[PhysX] Initialized MultithreadedTaskDispatcher with 12 workers.
[PhysX] Initialized MultithreadedTaskDispatcher with 12 workers.
[PhysX] Initialized MultithreadedTaskDispatcher with 12 workers.
 -> (artifact id: '30ab614aa74da721bcf7ebd18ff2d049') in 0.158391 seconds
Number of updated asset objects reloaded before import = 0
Number of asset objects unloaded after import = 25
========================================================================
Received Import Request.
  Time since last request: 0.494603 seconds.
  path: Assets/Objects/Materials/Semester/Back.mat
  artifactKey: Guid(a0141ca5ca1a7be4ca2bd17b1297bbde) Importer(815301076,1909f56bfc062723c751e8b465ee728b)
Start importing Assets/Objects/Materials/Semester/Back.mat using Guid(a0141ca5ca1a7be4ca2bd17b1297bbde) Importer(815301076,1909f56bfc062723c751e8b465ee728b) [PhysX] Initialized MultithreadedTaskDispatcher with 12 workers.
[PhysX] Initialized MultithreadedTaskDispatcher with 12 workers.
 -> (artifact id: '2694b808dca7fdd884616ec8cb8b7495') in 0.026152 seconds
Number of updated asset objects reloaded before import = 0
Number of asset objects unloaded after import = 2
========================================================================
Received Import Request.
  Time since last request: 0.196067 seconds.
  path: Assets/Photon/PhotonUnityNetworking/Demos/DemoAsteroids/Models/Materials/Asteroid.mat
  artifactKey: Guid(be2c382f522695c4fa3947ac8e1d4457) Importer(815301076,1909f56bfc062723c751e8b465ee728b)
Start importing Assets/Photon/PhotonUnityNetworking/Demos/DemoAsteroids/Models/Materials/Asteroid.mat using Guid(be2c382f522695c4fa3947ac8e1d4457) Importer(815301076,1909f56bfc062723c751e8b465ee728b) [PhysX] Initialized MultithreadedTaskDispatcher with 12 workers.
[PhysX] Initialized MultithreadedTaskDispatcher with 12 workers.
 -> (artifact id: 'a50c967d7c9ebe1b7afe06e5d6be1e07') in 0.020880 seconds
Number of updated asset objects reloaded before import = 0
Number of asset objects unloaded after import = 2
========================================================================
Received Import Request.
  Time since last request: 0.700900 seconds.
  path: Assets/Folder Liza/Materials/Vehicles/Government Vehicles/ambulance-tire-metal_mat.mat
  artifactKey: Guid(c0b401fa1cdf9cd43b86adfa066fdd9f) Importer(815301076,1909f56bfc062723c751e8b465ee728b)
Start importing Assets/Folder Liza/Materials/Vehicles/Government Vehicles/ambulance-tire-metal_mat.mat using Guid(c0b401fa1cdf9cd43b86adfa066fdd9f) Importer(815301076,1909f56bfc062723c751e8b465ee728b) [PhysX] Initialized MultithreadedTaskDispatcher with 12 workers.
[PhysX] Initialized MultithreadedTaskDispatcher with 12 workers.
 -> (artifact id: '58661e68013be3ac900f2ad56f04f685') in 0.018679 seconds
Number of updated asset objects reloaded before import = 0
Number of asset objects unloaded after import = 2
========================================================================
Received Import Request.
  Time since last request: 51.521226 seconds.
  path: Assets/Objects/Prefabs/textures/playingCards_Geo_playingCards_Mat_Roughnes.png
  artifactKey: Guid(e59fb493e2b6ed941bb3fff59866a315) Importer(815301076,1909f56bfc062723c751e8b465ee728b)
Start importing Assets/Objects/Prefabs/textures/playingCards_Geo_playingCards_Mat_Roughnes.png using Guid(e59fb493e2b6ed941bb3fff59866a315) Importer(815301076,1909f56bfc062723c751e8b465ee728b) [PhysX] Initialized MultithreadedTaskDispatcher with 12 workers.
[PhysX] Initialized MultithreadedTaskDispatcher with 12 workers.
 -> (artifact id: 'a7581487a267c491df6d70aa57a210bf') in 0.037449 seconds
Number of updated asset objects reloaded before import = 0
Number of asset objects unloaded after import = 2
========================================================================
Received Import Request.
  Time since last request: 2.892485 seconds.
  path: Assets/Objects/Token/Textures/up-double.png
  artifactKey: Guid(4d045482b863ce84fb55f5d67ebb0f27) Importer(815301076,1909f56bfc062723c751e8b465ee728b)
Start importing Assets/Objects/Token/Textures/up-double.png using Guid(4d045482b863ce84fb55f5d67ebb0f27) Importer(815301076,1909f56bfc062723c751e8b465ee728b) [PhysX] Initialized MultithreadedTaskDispatcher with 12 workers.
[PhysX] Initialized MultithreadedTaskDispatcher with 12 workers.
 -> (artifact id: '971e5c06edd7c1b41fa476d346e7c475') in 0.021460 seconds
Number of updated asset objects reloaded before import = 0
Number of asset objects unloaded after import = 2
========================================================================
Received Import Request.
  Time since last request: 32.564577 seconds.
  path: Assets/Folder Liza/Materials/Gedung/Building_House_01_color01.mat
  artifactKey: Guid(35dc612b04a1d6e438eaca55796fcfe6) Importer(815301076,1909f56bfc062723c751e8b465ee728b)
Start importing Assets/Folder Liza/Materials/Gedung/Building_House_01_color01.mat using Guid(35dc612b04a1d6e438eaca55796fcfe6) Importer(815301076,1909f56bfc062723c751e8b465ee728b) [PhysX] Initialized MultithreadedTaskDispatcher with 12 workers.
[PhysX] Initialized MultithreadedTaskDispatcher with 12 workers.
 -> (artifact id: 'fae06f9590f5b4106e7c285c85749aff') in 0.025102 seconds
Number of updated asset objects reloaded before import = 0
Number of asset objects unloaded after import = 3
========================================================================
Received Import Request.
  Time since last request: 0.006575 seconds.
  path: Assets/Folder Liza/Materials/Gedung/Props_TrafficProps.mat
  artifactKey: Guid(e9df4d5ab50049c4485ab6c0230ffe5a) Importer(815301076,1909f56bfc062723c751e8b465ee728b)
Start importing Assets/Folder Liza/Materials/Gedung/Props_TrafficProps.mat using Guid(e9df4d5ab50049c4485ab6c0230ffe5a) Importer(815301076,1909f56bfc062723c751e8b465ee728b) [PhysX] Initialized MultithreadedTaskDispatcher with 12 workers.
[PhysX] Initialized MultithreadedTaskDispatcher with 12 workers.
 -> (artifact id: 'bbd234586911eae39fabbd094cf46ca5') in 0.044761 seconds
Number of updated asset objects reloaded before import = 0
Number of asset objects unloaded after import = 3
========================================================================
Received Import Request.
  Time since last request: 0.000068 seconds.
  path: Assets/Folder Liza/Materials/Gedung/Props_BillBoard_large.mat
  artifactKey: Guid(2ff28356445515f4cb0dad3002b5804b) Importer(815301076,1909f56bfc062723c751e8b465ee728b)
Start importing Assets/Folder Liza/Materials/Gedung/Props_BillBoard_large.mat using Guid(2ff28356445515f4cb0dad3002b5804b) Importer(815301076,1909f56bfc062723c751e8b465ee728b) [PhysX] Initialized MultithreadedTaskDispatcher with 12 workers.
[PhysX] Initialized MultithreadedTaskDispatcher with 12 workers.
 -> (artifact id: 'fc355e3283a15eebc4a78db913df609b') in 0.039916 seconds
Number of updated asset objects reloaded before import = 0
Number of asset objects unloaded after import = 3
========================================================================
Received Import Request.
  Time since last request: 0.000557 seconds.
  path: Assets/Folder Liza/Materials/Gedung/Vehicle_Truck_color01.mat
  artifactKey: Guid(3c1c3f0494aaa3e4ea3e377b4f56bb65) Importer(815301076,1909f56bfc062723c751e8b465ee728b)
Start importing Assets/Folder Liza/Materials/Gedung/Vehicle_Truck_color01.mat using Guid(3c1c3f0494aaa3e4ea3e377b4f56bb65) Importer(815301076,1909f56bfc062723c751e8b465ee728b) [PhysX] Initialized MultithreadedTaskDispatcher with 12 workers.
[PhysX] Initialized MultithreadedTaskDispatcher with 12 workers.
 -> (artifact id: 'c521cef8ea231d03633a3ea957c70734') in 0.025938 seconds
Number of updated asset objects reloaded before import = 0
Number of asset objects unloaded after import = 3
========================================================================
Received Import Request.
  Time since last request: 0.000042 seconds.
  path: Assets/Folder Liza/Materials/Gedung/Building_House_01_color02.mat
  artifactKey: Guid(b81401de5ca83fb419cc00683fd4972a) Importer(815301076,1909f56bfc062723c751e8b465ee728b)
Start importing Assets/Folder Liza/Materials/Gedung/Building_House_01_color02.mat using Guid(b81401de5ca83fb419cc00683fd4972a) Importer(815301076,1909f56bfc062723c751e8b465ee728b) [PhysX] Initialized MultithreadedTaskDispatcher with 12 workers.
[PhysX] Initialized MultithreadedTaskDispatcher with 12 workers.
 -> (artifact id: '869bfa82f1b5d2371642c114a9232156') in 0.013179 seconds
Number of updated asset objects reloaded before import = 0
Number of asset objects unloaded after import = 3
========================================================================
Received Import Request.
  Time since last request: 0.000069 seconds.
  path: Assets/Folder Liza/Materials/Gedung/Road Concrete Tile.mat
  artifactKey: Guid(cac089422fd6b6f4a9d0c35e3ca92a29) Importer(815301076,1909f56bfc062723c751e8b465ee728b)
Start importing Assets/Folder Liza/Materials/Gedung/Road Concrete Tile.mat using Guid(cac089422fd6b6f4a9d0c35e3ca92a29) Importer(815301076,1909f56bfc062723c751e8b465ee728b) [PhysX] Initialized MultithreadedTaskDispatcher with 12 workers.
[PhysX] Initialized MultithreadedTaskDispatcher with 12 workers.
 -> (artifact id: 'a8f48213e329949e9f90a00509c6071b') in 0.026277 seconds
Number of updated asset objects reloaded before import = 0
Number of asset objects unloaded after import = 3
========================================================================
Received Import Request.
  Time since last request: 4.283721 seconds.
  path: Assets/Folder Liza/Materials/Materials/KEUANGAN.mat
  artifactKey: Guid(a66019ab5af8eae42960d1a3778fab9f) Importer(815301076,1909f56bfc062723c751e8b465ee728b)
Start importing Assets/Folder Liza/Materials/Materials/KEUANGAN.mat using Guid(a66019ab5af8eae42960d1a3778fab9f) Importer(815301076,1909f56bfc062723c751e8b465ee728b) [PhysX] Initialized MultithreadedTaskDispatcher with 12 workers.
[PhysX] Initialized MultithreadedTaskDispatcher with 12 workers.
 -> (artifact id: 'e0e4ecb36599b7578af97916cf0aefa3') in 0.016993 seconds
Number of updated asset objects reloaded before import = 0
Number of asset objects unloaded after import = 2
========================================================================
Received Import Request.
  Time since last request: 0.000036 seconds.
  path: Assets/Folder Liza/Materials/Materials/KEUANGAN 1.mat
  artifactKey: Guid(ccb6a976a3582ee41b9f2e7f096877e0) Importer(815301076,1909f56bfc062723c751e8b465ee728b)
Start importing Assets/Folder Liza/Materials/Materials/KEUANGAN 1.mat using Guid(ccb6a976a3582ee41b9f2e7f096877e0) Importer(815301076,1909f56bfc062723c751e8b465ee728b) [PhysX] Initialized MultithreadedTaskDispatcher with 12 workers.
[PhysX] Initialized MultithreadedTaskDispatcher with 12 workers.
 -> (artifact id: '25318c8f87203e539b5a23aa241a3dea') in 0.020833 seconds
Number of updated asset objects reloaded before import = 0
Number of asset objects unloaded after import = 3
========================================================================
Received Import Request.
  Time since last request: 0.000032 seconds.
  path: Assets/Folder Liza/Materials/Materials/TAMBANG 1.mat
  artifactKey: Guid(132349ace8a44d443951c27385ecccb0) Importer(815301076,1909f56bfc062723c751e8b465ee728b)
Start importing Assets/Folder Liza/Materials/Materials/TAMBANG 1.mat using Guid(132349ace8a44d443951c27385ecccb0) Importer(815301076,1909f56bfc062723c751e8b465ee728b) [PhysX] Initialized MultithreadedTaskDispatcher with 12 workers.
[PhysX] Initialized MultithreadedTaskDispatcher with 12 workers.
 -> (artifact id: '3cb20a14d0a2905cda65d62f7b5ea834') in 0.021806 seconds
Number of updated asset objects reloaded before import = 0
Number of asset objects unloaded after import = 3
========================================================================
Received Import Request.
  Time since last request: 0.000044 seconds.
  path: Assets/Folder Liza/Materials/Materials/TAMBANG.png
  artifactKey: Guid(b1ecc9a59d0efe5468ef0be9e485679a) Importer(815301076,1909f56bfc062723c751e8b465ee728b)
Start importing Assets/Folder Liza/Materials/Materials/TAMBANG.png using Guid(b1ecc9a59d0efe5468ef0be9e485679a) Importer(815301076,1909f56bfc062723c751e8b465ee728b) [PhysX] Initialized MultithreadedTaskDispatcher with 12 workers.
[PhysX] Initialized MultithreadedTaskDispatcher with 12 workers.
 -> (artifact id: '134f12fcbe5ad42da96e27a16de15c09') in 0.023456 seconds
Number of updated asset objects reloaded before import = 0
Number of asset objects unloaded after import = 2
========================================================================
Received Import Request.
  Time since last request: 0.355038 seconds.
  path: Assets/Folder Liza/Materials/NewShaderBasedMats/Rock2_Moss.mat
  artifactKey: Guid(ba85faaf5bae3984fb2192ef547a6063) Importer(815301076,1909f56bfc062723c751e8b465ee728b)
Start importing Assets/Folder Liza/Materials/NewShaderBasedMats/Rock2_Moss.mat using Guid(ba85faaf5bae3984fb2192ef547a6063) Importer(815301076,1909f56bfc062723c751e8b465ee728b) [PhysX] Initialized MultithreadedTaskDispatcher with 12 workers.
[PhysX] Initialized MultithreadedTaskDispatcher with 12 workers.
 -> (artifact id: '920b3575a44fb9088c9d799863f1ca23') in 0.156316 seconds
Number of updated asset objects reloaded before import = 0
Number of asset objects unloaded after import = 8
========================================================================
Received Import Request.
  Time since last request: 0.559786 seconds.
  path: Assets/Folder Liza/Materials/Nilai Saham/Enam.png
  artifactKey: Guid(95cd0237f11ecca4f8f84a73fdcce718) Importer(815301076,1909f56bfc062723c751e8b465ee728b)
Start importing Assets/Folder Liza/Materials/Nilai Saham/Enam.png using Guid(95cd0237f11ecca4f8f84a73fdcce718) Importer(815301076,1909f56bfc062723c751e8b465ee728b) [PhysX] Initialized MultithreadedTaskDispatcher with 12 workers.
[PhysX] Initialized MultithreadedTaskDispatcher with 12 workers.
 -> (artifact id: '9ce82283a07d9da67c1cde7c57fcac7e') in 0.026668 seconds
Number of updated asset objects reloaded before import = 0
Number of asset objects unloaded after import = 2
========================================================================
Received Import Request.
  Time since last request: 0.001847 seconds.
  path: Assets/Folder Liza/Materials/Nilai Saham/Tujuh.png
  artifactKey: Guid(a2ac4df1a8809e2469edfbd75e4bf229) Importer(815301076,1909f56bfc062723c751e8b465ee728b)
Start importing Assets/Folder Liza/Materials/Nilai Saham/Tujuh.png using Guid(a2ac4df1a8809e2469edfbd75e4bf229) Importer(815301076,1909f56bfc062723c751e8b465ee728b) [PhysX] Initialized MultithreadedTaskDispatcher with 12 workers.
[PhysX] Initialized MultithreadedTaskDispatcher with 12 workers.
 -> (artifact id: 'cfdcd24f0156c40047ac7dc33e314648') in 0.036822 seconds
Number of updated asset objects reloaded before import = 0
Number of asset objects unloaded after import = 2
========================================================================
Received Import Request.
  Time since last request: 0.617000 seconds.
  path: Assets/Folder Liza/Materials/OldVersionMaterials/GenericRockMatSNOW_PBR.mat
  artifactKey: Guid(6e1f9ad70154622489697ebb677de9a5) Importer(815301076,1909f56bfc062723c751e8b465ee728b)
Start importing Assets/Folder Liza/Materials/OldVersionMaterials/GenericRockMatSNOW_PBR.mat using Guid(6e1f9ad70154622489697ebb677de9a5) Importer(815301076,1909f56bfc062723c751e8b465ee728b) [PhysX] Initialized MultithreadedTaskDispatcher with 12 workers.
[PhysX] Initialized MultithreadedTaskDispatcher with 12 workers.
 -> (artifact id: '91e107d17150f8d8efd5a4ce4cddbe40') in 0.063534 seconds
Number of updated asset objects reloaded before import = 0
Number of asset objects unloaded after import = 8
Editor requested this worker to shutdown with reason: Scaling down because of idle timeout
TcpMessagingSession - receive error: operation aborted. errorcode: 995, details: The I/O operation has been aborted because of either a thread exit or an application request.
AssetImportWorker is now disconnected from the server
Process exiting
Exiting without the bug reporter. Application will terminate with return code 0